  Source.cpp
c:\users\zeepu\source\repos\object tracking test\object tracking test\source.cpp(26): warning C4244: 'initializing': conversion from 'double' to 'int', possible loss of data
c:\users\zeepu\source\repos\object tracking test\object tracking test\source.cpp(56): warning C4474: 'sprintf' : too many arguments passed for format string
  c:\users\zeepu\source\repos\object tracking test\object tracking test\source.cpp(56): note: placeholders and their parameters expect 0 variadic arguments, but 1 were provided
c:\users\zeepu\source\repos\object tracking test\object tracking test\source.cpp(57): warning C4474: 'sprintf' : too many arguments passed for format string
  c:\users\zeepu\source\repos\object tracking test\object tracking test\source.cpp(57): note: placeholders and their parameters expect 0 variadic arguments, but 1 were provided
c:\users\zeepu\source\repos\object tracking test\object tracking test\source.cpp(58): warning C4474: 'sprintf' : too many arguments passed for format string
  c:\users\zeepu\source\repos\object tracking test\object tracking test\source.cpp(58): note: placeholders and their parameters expect 0 variadic arguments, but 1 were provided
c:\users\zeepu\source\repos\object tracking test\object tracking test\source.cpp(59): warning C4474: 'sprintf' : too many arguments passed for format string
  c:\users\zeepu\source\repos\object tracking test\object tracking test\source.cpp(59): note: placeholders and their parameters expect 0 variadic arguments, but 1 were provided
c:\users\zeepu\source\repos\object tracking test\object tracking test\source.cpp(60): warning C4474: 'sprintf' : too many arguments passed for format string
  c:\users\zeepu\source\repos\object tracking test\object tracking test\source.cpp(60): note: placeholders and their parameters expect 0 variadic arguments, but 1 were provided
c:\users\zeepu\source\repos\object tracking test\object tracking test\source.cpp(61): warning C4474: 'sprintf' : too many arguments passed for format string
  c:\users\zeepu\source\repos\object tracking test\object tracking test\source.cpp(61): note: placeholders and their parameters expect 0 variadic arguments, but 1 were provided
c:\users\zeepu\source\repos\object tracking test\object tracking test\source.cpp(56): error C4996: 'sprintf': This function or variable may be unsafe. Consider using sprintf_s instead. To disable deprecation, use _CRT_SECURE_NO_WARNINGS. See online help for details.
  c:\program files (x86)\windows kits\10\include\10.0.17134.0\ucrt\stdio.h(1774): note: see declaration of 'sprintf'
c:\users\zeepu\source\repos\object tracking test\object tracking test\source.cpp(57): error C4996: 'sprintf': This function or variable may be unsafe. Consider using sprintf_s instead. To disable deprecation, use _CRT_SECURE_NO_WARNINGS. See online help for details.
  c:\program files (x86)\windows kits\10\include\10.0.17134.0\ucrt\stdio.h(1774): note: see declaration of 'sprintf'
c:\users\zeepu\source\repos\object tracking test\object tracking test\source.cpp(58): error C4996: 'sprintf': This function or variable may be unsafe. Consider using sprintf_s instead. To disable deprecation, use _CRT_SECURE_NO_WARNINGS. See online help for details.
  c:\program files (x86)\windows kits\10\include\10.0.17134.0\ucrt\stdio.h(1774): note: see declaration of 'sprintf'
c:\users\zeepu\source\repos\object tracking test\object tracking test\source.cpp(59): error C4996: 'sprintf': This function or variable may be unsafe. Consider using sprintf_s instead. To disable deprecation, use _CRT_SECURE_NO_WARNINGS. See online help for details.
  c:\program files (x86)\windows kits\10\include\10.0.17134.0\ucrt\stdio.h(1774): note: see declaration of 'sprintf'
c:\users\zeepu\source\repos\object tracking test\object tracking test\source.cpp(60): error C4996: 'sprintf': This function or variable may be unsafe. Consider using sprintf_s instead. To disable deprecation, use _CRT_SECURE_NO_WARNINGS. See online help for details.
  c:\program files (x86)\windows kits\10\include\10.0.17134.0\ucrt\stdio.h(1774): note: see declaration of 'sprintf'
c:\users\zeepu\source\repos\object tracking test\object tracking test\source.cpp(61): error C4996: 'sprintf': This function or variable may be unsafe. Consider using sprintf_s instead. To disable deprecation, use _CRT_SECURE_NO_WARNINGS. See online help for details.
  c:\program files (x86)\windows kits\10\include\10.0.17134.0\ucrt\stdio.h(1774): note: see declaration of 'sprintf'
c:\users\zeepu\source\repos\object tracking test\object tracking test\source.cpp(134): warning C4267: 'initializing': conversion from 'size_t' to 'int', possible loss of data
c:\users\zeepu\source\repos\object tracking test\object tracking test\source.cpp(147): warning C4244: '=': conversion from 'double' to 'int', possible loss of data
c:\users\zeepu\source\repos\object tracking test\object tracking test\source.cpp(148): warning C4244: '=': conversion from 'double' to 'int', possible loss of data
c:\opencv\build\include\opencv2\core\traits.hpp(366): error C2039: 'type': is not a member of 'cv::DataType<T>'
          with
          [
              T=std::vector<cv::Point,std::allocator<cv::Point>>
          ]
  c:\opencv\build\include\opencv2\core\traits.hpp(366): note: see declaration of 'cv::DataType<T>'
          with
          [
              T=std::vector<cv::Point,std::allocator<cv::Point>>
          ]
  c:\opencv\build\include\opencv2\core\mat.inl.hpp(556): note: see reference to class template instantiation 'cv::traits::Type<_Tp>' being compiled
          with
          [
              _Tp=std::vector<cv::Point,std::allocator<cv::Point>>
          ]
  c:\users\zeepu\source\repos\object tracking test\object tracking test\source.cpp(163): note: see reference to function template instantiation 'cv::Mat::Mat<std::vector<cv::Point,std::allocator<_Ty>>>(const std::vector<std::vector<_Ty,std::allocator<_Ty>>,std::allocator<std::vector<_Ty,std::allocator<_Ty>>>> &,bool)' being compiled
          with
          [
              _Ty=cv::Point
          ]
c:\opencv\build\include\opencv2\core\traits.hpp(366): error C2065: 'type': undeclared identifier
